<?xml version="1.0" encoding="UTF-8"?>
<testng-results ignored="0" total="1" passed="1" failed="0" skipped="0">
  <reporter-output>
  </reporter-output>
  <suite started-at="2023-12-31T12:25:17 IST" name="Default suite" finished-at="2023-12-31T12:25:23 IST" duration-ms="6126">
    <groups>
    </groups>
    <test started-at="2023-12-31T12:25:17 IST" name="Default test" finished-at="2023-12-31T12:25:23 IST" duration-ms="6126">
      <class name="org.sasiguides.nopCommerce.testcases.UserLogin">
        <test-method signature="login()[pri:0, instance:org.sasiguides.nopCommerce.testcases.UserLogin@1bd4fdd]" started-at="2023-12-31T12:25:17 IST" name="login" finished-at="2023-12-31T12:25:23 IST" duration-ms="6086" status="PASS">
          <reporter-output>
          </reporter-output>
        </test-method> <!-- login -->
      </class> <!-- org.sasiguides.nopCommerce.testcases.UserLogin -->
    </test> <!-- Default test -->
  </suite> <!-- Default suite -->
</testng-results>
