<?xml version="1.0" encoding="UTF-8"?>
<testng-results ignored="0" total="1" passed="1" failed="0" skipped="0">
  <reporter-output>
  </reporter-output>
  <suite started-at="2023-12-30T05:57:30 IST" name="Default suite" finished-at="2023-12-30T05:57:48 IST" duration-ms="17985">
    <groups>
    </groups>
    <test started-at="2023-12-30T05:57:30 IST" name="Default test" finished-at="2023-12-30T05:57:48 IST" duration-ms="17985">
      <class name="org.orangeHrm.UserDashboard.testscenarios.FirstScenario">
        <test-method is-config="true" signature="start()[pri:0, instance:org.orangeHrm.UserDashboard.testscenarios.FirstScenario@5fe94a96]" started-at="2023-12-30T05:57:30 IST" name="start" finished-at="2023-12-30T05:57:39 IST" duration-ms="8862" status="PASS">
          <reporter-output>
          </reporter-output>
        </test-method> <!-- start -->
        <test-method signature="userDashboardScenario1()[pri:0, instance:org.orangeHrm.UserDashboard.testscenarios.FirstScenario@5fe94a96]" started-at="2023-12-30T05:57:39 IST" name="userDashboardScenario1" finished-at="2023-12-30T05:57:48 IST" duration-ms="9037" status="PASS">
          <reporter-output>
          </reporter-output>
        </test-method> <!-- userDashboardScenario1 -->
      </class> <!-- org.orangeHrm.UserDashboard.testscenarios.FirstScenario -->
    </test> <!-- Default test -->
  </suite> <!-- Default suite -->
</testng-results>
