<?xml version="1.0" encoding="UTF-8"?>
<!-- Generated by org.testng.reporters.JUnitXMLReporter -->
<testsuite ignored="0" hostname="Sasikumar" failures="0" tests="3" name="Test" time="69.496" errors="0" timestamp="2024-01-01T17:28:46 IST">
  <testcase classname="org.sasiguides.nopCommerce.testcases.UserLogin" name="login" time="9.678"/>
  <testcase classname="org.sasiguides.nopCommerce.testcases.LoginNopCommerce" name="nopCommerceRegister" time="6.065"/>
  <testcase classname="org.sasiguides.nopCommerce.testcases.AddToCart" name="addToCart" time="43.034"/>
</testsuite> <!-- Test -->
