<?xml version="1.0" encoding="UTF-8"?>
<!-- Generated by org.testng.reporters.JUnitXMLReporter -->
<testsuite ignored="0" hostname="Sasikumar" failures="0" tests="5" name="Test" time="64.44" errors="0" timestamp="2023-12-29T16:43:57 IST">
  <testcase classname="org.orangeHrm.testscenarios.FirstCaseScenario" name="firstCaseScenario" time="6.484"/>
  <testcase classname="org.orangeHrm.testscenarios.FifthCaseScenario" name="fifthCaseScenario" time="0.891"/>
  <testcase classname="org.orangeHrm.testscenarios.FourthCaseScenario" name="fourthCaseScenario" time="0.628"/>
  <testcase classname="org.orangeHrm.testscenarios.ThirdCaseScenario" name="thirdCaseScenario" time="19.241"/>
  <testcase classname="org.orangeHrm.testscenarios.SecondCaseScenario" name="secondCaseScenario" time="2.548"/>
</testsuite> <!-- Test -->
